2017-12-24 23:56:29,628 ERROR: Exception on /index [GET] [in /Users/kevinliu743/virtualenvironment/megatutorial/lib/python2.7/site-packages/flask/app.py:1560]
Traceback (most recent call last):
  File "/Users/kevinliu743/virtualenvironment/megatutorial/lib/python2.7/site-packages/flask/app.py", line 1982, in wsgi_app
    response = self.full_dispatch_request()
  File "/Users/kevinliu743/virtualenvironment/megatutorial/lib/python2.7/site-packages/flask/app.py", line 1614, in full_dispatch_request
    rv = self.handle_user_exception(e)
  File "/Users/kevinliu743/virtualenvironment/megatutorial/lib/python2.7/site-packages/flask/app.py", line 1517, in handle_user_exception
    reraise(exc_type, exc_value, tb)
  File "/Users/kevinliu743/virtualenvironment/megatutorial/lib/python2.7/site-packages/flask/app.py", line 1612, in full_dispatch_request
    rv = self.dispatch_request()
  File "/Users/kevinliu743/virtualenvironment/megatutorial/lib/python2.7/site-packages/flask/app.py", line 1598, in dispatch_request
    return self.view_functions[rule.endpoint](**req.view_args)
  File "/Users/kevinliu743/virtualenvironment/megatutorial/lib/python2.7/site-packages/flask_login/utils.py", line 261, in decorated_view
    return func(*args, **kwargs)
  File "/Users/kevinliu743/Documents/Web Development/Flask_Mega_tutorial/microblog/app/main/routes.py", line 47, in index
    prev_url=prev_url)
  File "/Users/kevinliu743/virtualenvironment/megatutorial/lib/python2.7/site-packages/flask/templating.py", line 134, in render_template
    context, ctx.app)
  File "/Users/kevinliu743/virtualenvironment/megatutorial/lib/python2.7/site-packages/flask/templating.py", line 116, in _render
    rv = template.render(context)
  File "/Users/kevinliu743/virtualenvironment/megatutorial/lib/python2.7/site-packages/jinja2/environment.py", line 1008, in render
    return self.environment.handle_exception(exc_info, True)
  File "/Users/kevinliu743/virtualenvironment/megatutorial/lib/python2.7/site-packages/jinja2/environment.py", line 780, in handle_exception
    reraise(exc_type, exc_value, tb)
  File "/Users/kevinliu743/Documents/Web Development/Flask_Mega_tutorial/microblog/app/templates/base.html", line 4, in template
    {% if title %}{{ title }} - Kevin's Blog{% else %}{{ _('Welcome to Kevin/'s Blog) }}{% endif %}
TemplateSyntaxError: expected token ',', got 's'
2017-12-24 23:56:42,184 INFO: Microblog startup [in /Users/kevinliu743/Documents/Web Development/Flask_Mega_tutorial/microblog/app/__init__.py:82]
2017-12-24 23:57:04,307 INFO: Microblog startup [in /Users/kevinliu743/Documents/Web Development/Flask_Mega_tutorial/microblog/app/__init__.py:82]
